[2026-05-22 01:55:10] LKML ARM64 Tracker starting (interval=600s)
[2026-05-22 01:55:10] Last check: 2026-05-21 17:17:33.249301+00:00, searching since 2026-05-21 16:17:33.249301+00:00
[2026-05-22 01:55:11]   Found 178 emails in INBOX since 21-May-2026
[2026-05-22 01:55:18]   Moved 2 ARM-related emails to arm64 folder
[2026-05-22 01:55:18]   Arm64 folder: 141 total, 2 new
[2026-05-22 01:55:18]   Analyzing: dma: swiotlb: track pool encryption state and honor DMA_ATTR_CC_SHARED (1 msgs)
[2026-05-22 01:55:56]   Wrote: /Users/imagent4bd/workspace/lkml/dma_swiotlb_track_pool_encryption_state_and_honor_DMA_ATTR_CC_SHARED.md
[2026-05-22 01:55:56]   Analyzing: Fix __pkvm_init_vm error path (1 msgs)
[2026-05-22 01:56:46]   Wrote: /Users/imagent4bd/workspace/lkml/Fix___pkvm_init_vm_error_path.md
[2026-05-22 01:56:50]   Git push successful
[2026-05-22 01:56:50] Done.
[2026-05-22 02:06:57] Last check: 2026-05-21 17:55:10.835762+00:00, searching since 2026-05-21 16:55:10.835762+00:00
[2026-05-22 02:06:57]   Found 182 emails in INBOX since 21-May-2026
[2026-05-22 02:07:00]   Moved 2 ARM-related emails to arm64 folder
[2026-05-22 02:07:00]   Arm64 folder: 143 total, 2 new
[2026-05-22 02:07:00]   Analyzing: KVM: arm64: gic-v5: Set IRICHPPIDIS based on IRS enable state (1 msgs)
[2026-05-22 02:07:26]   Wrote: /Users/imagent4bd/workspace/lkml/KVM_arm64_gic-v5_Set_IRICHPPIDIS_based_on_IRS_enable_state.md
[2026-05-22 02:07:26]   Analyzing: arm64+KVM: FPSIMD/SVE/SME cleanups (1 msgs)
[2026-05-22 02:08:00]   Wrote: /Users/imagent4bd/workspace/lkml/arm64_KVM_FPSIMD_SVE_SME_cleanups.md
[2026-05-22 02:08:04]   Git push successful
[2026-05-22 02:08:04] Done.
[2026-05-22 02:18:10] Last check: 2026-05-21 18:06:57.560770+00:00, searching since 2026-05-21 17:06:57.560770+00:00
[2026-05-22 02:18:11]   Found 187 emails in INBOX since 21-May-2026
[2026-05-22 02:18:15]   Moved 4 ARM-related emails to arm64 folder
[2026-05-22 02:18:15]   Arm64 folder: 147 total, 4 new
[2026-05-22 02:18:15]   Analyzing: KVM: arm64: selftests: Update vGICv5 selftest to set IRS address (1 msgs)
[2026-05-22 02:18:55]   Wrote: /Users/imagent4bd/workspace/lkml/KVM_arm64_selftests_Update_vGICv5_selftest_to_set_IRS_address.md
[2026-05-22 02:18:55]   Analyzing: KVM: arm64: gic-v5: Add resident/non-resident hyp calls (1 msgs)
[2026-05-22 02:19:48]   Wrote: /Users/imagent4bd/workspace/lkml/KVM_arm64_gic-v5_Add_resident_non-resident_hyp_calls.md
[2026-05-22 02:19:48]   Analyzing: arm64: fpsimd: Use opaque type for SME state (1 msgs)
[2026-05-22 02:20:36]   Wrote: /Users/imagent4bd/workspace/lkml/arm64_fpsimd_Use_opaque_type_for_SME_state.md
[2026-05-22 02:20:36]   Analyzing: firmware: smccc: Fix Arm SMCCC SOC_ID name call (1 msgs)
[2026-05-22 02:21:25]   Wrote: /Users/imagent4bd/workspace/lkml/firmware_smccc_Fix_Arm_SMCCC_SOC_ID_name_call.md
[2026-05-22 02:21:30]   Git push successful
[2026-05-22 02:21:30] Done.
[2026-05-22 02:31:36] Last check: 2026-05-21 18:18:10.888058+00:00, searching since 2026-05-21 17:18:10.888058+00:00
[2026-05-22 02:31:37]   Found 190 emails in INBOX since 21-May-2026
[2026-05-22 02:31:41]   Moved 4 ARM-related emails to arm64 folder
[2026-05-22 02:31:41]   Arm64 folder: 151 total, 4 new
[2026-05-22 02:31:41]   Analyzing: KVM: arm64: gic-v5: Add KVM_VGIC_V5_ADDR_TYPE_IRS to UAPI (1 msgs)
[2026-05-22 02:32:21]   Wrote: /Users/imagent4bd/workspace/lkml/KVM_arm64_gic-v5_Add_KVM_VGIC_V5_ADDR_TYPE_IRS_to_UAPI.md
[2026-05-22 02:32:21]   Analyzing: KVM: arm64: gic-v5: Add GIC VDPEND and GIC VDRCFG hyp calls (1 msgs)
[2026-05-22 02:33:09]   Wrote: /Users/imagent4bd/workspace/lkml/KVM_arm64_gic-v5_Add_GIC_VDPEND_and_GIC_VDRCFG_hyp_calls.md
[2026-05-22 02:33:09]   Analyzing: arm64: RME: Handle Granule Protection Faults (GPFs) (1 msgs)
[2026-05-22 02:34:19]   Wrote: /Users/imagent4bd/workspace/lkml/arm64_RME_Handle_Granule_Protection_Faults_GPFs.md
[2026-05-22 02:34:19]   Analyzing: KVM: arm64: Provide assembly for SME register access (1 msgs)
[2026-05-22 02:35:01]   Wrote: /Users/imagent4bd/workspace/lkml/KVM_arm64_Provide_assembly_for_SME_register_access.md
[2026-05-22 02:35:05]   Git push successful
[2026-05-22 02:35:05] Done.
[2026-05-22 02:45:11] Last check: 2026-05-21 18:31:36.918794+00:00, searching since 2026-05-21 17:31:36.918794+00:00
[2026-05-22 02:45:11]   Found 191 emails in INBOX since 21-May-2026
[2026-05-22 02:45:16]   Moved 3 ARM-related emails to arm64 folder
[2026-05-22 02:45:16]   Arm64 folder: 154 total, 3 new
[2026-05-22 02:45:16]   Analyzing: Documentation: KVM: Add docs for KVM_DEV_ARM_VGIC_GRP_IST (1 msgs)
[2026-05-22 02:46:06]   Wrote: /Users/imagent4bd/workspace/lkml/Documentation_KVM_Add_docs_for_KVM_DEV_ARM_VGIC_GRP_IST.md
[2026-05-22 02:46:06]   Analyzing: arm64: RMI: Provide functions to delegate/undelegate ranges of memory (1 msgs)
[2026-05-22 02:46:46]   Wrote: /Users/imagent4bd/workspace/lkml/arm64_RMI_Provide_functions_to_delegate_undelegate_ranges_of_memory.md
[2026-05-22 02:46:46]   Analyzing: KVM: arm64: gic-v5: Add GICv5 SPI injection to irqfd (1 msgs)
[2026-05-22 02:47:40]   Wrote: /Users/imagent4bd/workspace/lkml/KVM_arm64_gic-v5_Add_GICv5_SPI_injection_to_irqfd.md
